<?xml version="1.0" encoding="UTF-8" ?>
<testsuite tests="1" failures="1" name="Testic" time="4.075" errors="0" skipped="0">
    <properties>
        <property name="java.runtime.name" value="Java(TM) SE Runtime Environment"/>
        <property name="sun.boot.library.path"
                  value="/Library/Java/JavaVirtualMachines/jdk1.8.0_211.jdk/Contents/Home/jre/lib"/>
        <property name="java.vm.version" value="25.211-b12"/>
        <property name="gopherProxySet" value="false"/>
        <property name="java.vm.vendor" value="Oracle Corporation"/>
        <property name="maven.multiModuleProjectDirectory" value="/Users/yana.lunts/TestForVk"/>
        <property name="java.vendor.url" value="http://java.oracle.com/"/>
        <property name="path.separator" value=":"/>
        <property name="guice.disable.misplaced.annotation.check" value="true"/>
        <property name="java.vm.name" value="Java HotSpot(TM) 64-Bit Server VM"/>
        <property name="file.encoding.pkg" value="sun.io"/>
        <property name="user.country" value="RU"/>
        <property name="sun.java.launcher" value="SUN_STANDARD"/>
        <property name="sun.os.patch.level" value="unknown"/>
        <property name="java.vm.specification.name" value="Java Virtual Machine Specification"/>
        <property name="user.dir" value="/Users/yana.lunts/TestForVk"/>
        <property name="java.runtime.version" value="1.8.0_211-b12"/>
        <property name="java.awt.graphicsenv" value="sun.awt.CGraphicsEnvironment"/>
        <property name="java.endorsed.dirs"
                  value="/Library/Java/JavaVirtualMachines/jdk1.8.0_211.jdk/Contents/Home/jre/lib/endorsed"/>
        <property name="os.arch" value="x86_64"/>
        <property name="java.io.tmpdir" value="/var/folders/k0/b027ky316ql0dxygl24kxb600000gp/T/"/>
        <property name="line.separator" value="
"/>
        <property name="java.vm.specification.vendor" value="Oracle Corporation"/>
        <property name="os.name" value="Mac OS X"/>
        <property name="classworlds.conf" value="/Users/yana.lunts/maven/bin/m2.conf"/>
        <property name="sun.jnu.encoding" value="UTF-8"/>
        <property name="java.library.path"
                  value="/Users/yana.lunts/Library/Java/Extensions:/Library/Java/Extensions:/Network/Library/Java/Extensions:/System/Library/Java/Extensions:/usr/lib/java:."/>
        <property name="maven.conf" value="/Users/yana.lunts/maven/conf"/>
        <property name="java.specification.name" value="Java Platform API Specification"/>
        <property name="java.class.version" value="52.0"/>
        <property name="sun.management.compiler" value="HotSpot 64-Bit Tiered Compilers"/>
        <property name="os.version" value="10.14.6"/>
        <property name="library.jansi.path" value="/Users/yana.lunts/maven/lib/jansi-native"/>
        <property name="user.home" value="/Users/yana.lunts"/>
        <property name="user.timezone" value="Europe/Moscow"/>
        <property name="java.awt.printerjob" value="sun.lwawt.macosx.CPrinterJob"/>
        <property name="java.specification.version" value="1.8"/>
        <property name="file.encoding" value="UTF-8"/>
        <property name="user.name" value="yana.lunts"/>
        <property name="java.class.path" value="/Users/yana.lunts/maven/boot/plexus-classworlds-2.6.0.jar"/>
        <property name="java.vm.specification.version" value="1.8"/>
        <property name="sun.arch.data.model" value="64"/>
        <property name="java.home" value="/Library/Java/JavaVirtualMachines/jdk1.8.0_211.jdk/Contents/Home/jre"/>
        <property name="sun.java.command"
                  value="org.codehaus.plexus.classworlds.launcher.Launcher clean test -Dwebdriver.chrome.driver=/Users/yana.lunts/configs/chromedriver"/>
        <property name="java.specification.vendor" value="Oracle Corporation"/>
        <property name="user.language" value="ru"/>
        <property name="awt.toolkit" value="sun.lwawt.macosx.LWCToolkit"/>
        <property name="java.vm.info" value="mixed mode"/>
        <property name="java.version" value="1.8.0_211"/>
        <property name="java.ext.dirs"
                  value="/Users/yana.lunts/Library/Java/Extensions:/Library/Java/JavaVirtualMachines/jdk1.8.0_211.jdk/Contents/Home/jre/lib/ext:/Library/Java/Extensions:/Network/Library/Java/Extensions:/System/Library/Java/Extensions:/usr/lib/java"/>
        <property name="sun.boot.class.path"
                  value="/Library/Java/JavaVirtualMachines/jdk1.8.0_211.jdk/Contents/Home/jre/lib/resources.jar:/Library/Java/JavaVirtualMachines/jdk1.8.0_211.jdk/Contents/Home/jre/lib/rt.jar:/Library/Java/JavaVirtualMachines/jdk1.8.0_211.jdk/Contents/Home/jre/lib/sunrsasign.jar:/Library/Java/JavaVirtualMachines/jdk1.8.0_211.jdk/Contents/Home/jre/lib/jsse.jar:/Library/Java/JavaVirtualMachines/jdk1.8.0_211.jdk/Contents/Home/jre/lib/jce.jar:/Library/Java/JavaVirtualMachines/jdk1.8.0_211.jdk/Contents/Home/jre/lib/charsets.jar:/Library/Java/JavaVirtualMachines/jdk1.8.0_211.jdk/Contents/Home/jre/lib/jfr.jar:/Library/Java/JavaVirtualMachines/jdk1.8.0_211.jdk/Contents/Home/jre/classes"/>
        <property name="webdriver.chrome.driver" value="/Users/yana.lunts/configs/chromedriver"/>
        <property name="java.vendor" value="Oracle Corporation"/>
        <property name="maven.home" value="/Users/yana.lunts/maven"/>
        <property name="file.separator" value="/"/>
        <property name="java.vendor.url.bug" value="http://bugreport.sun.com/bugreport/"/>
        <property name="sun.cpu.endian" value="little"/>
        <property name="sun.io.unicode.encoding" value="UnicodeBig"/>
        <property name="sun.cpu.isalist" value=""/>
    </properties>
    <testcase classname="Testic" name="testWebsite" time="4.075">
        <failure
                message="expected:&lt;5 Balloons [| Jack of many web trade]s&gt; but was:&lt;5 Balloons [– Laravel, PHP, Spring, Technical Solutions and Tutorial]s&gt;"
                type="org.junit.ComparisonFailure">org.junit.ComparisonFailure: expected:&lt;5 Balloons [| Jack of many
            web trade]s&gt; but was:&lt;5 Balloons [– Laravel, PHP, Spring, Technical Solutions and Tutorial]s&gt;
            at org.junit.Assert.assertEquals(Assert.java:115)
            at org.junit.Assert.assertEquals(Assert.java:144)
            at Testic.testWebsite(Testic.java:26)
            at sun.reflect.NativeMethodAccessorImpl.invoke0(Native Method)
            at sun.reflect.NativeMethodAccessorImpl.invoke(NativeMethodAccessorImpl.java:62)
            at sun.reflect.DelegatingMethodAccessorImpl.invoke(DelegatingMethodAccessorImpl.java:43)
            at java.lang.reflect.Method.invoke(Method.java:498)
            at org.junit.runners.model.FrameworkMethod$1.runReflectiveCall(FrameworkMethod.java:47)
            at org.junit.internal.runners.model.ReflectiveCallable.run(ReflectiveCallable.java:12)
            at org.junit.runners.model.FrameworkMethod.invokeExplosively(FrameworkMethod.java:44)
            at org.junit.internal.runners.statements.InvokeMethod.evaluate(InvokeMethod.java:17)
            at org.junit.runners.ParentRunner.runLeaf(ParentRunner.java:271)
            at org.junit.runners.BlockJUnit4ClassRunner.runChild(BlockJUnit4ClassRunner.java:70)
            at org.junit.runners.BlockJUnit4ClassRunner.runChild(BlockJUnit4ClassRunner.java:50)
            at org.junit.runners.ParentRunner$3.run(ParentRunner.java:238)
            at org.junit.runners.ParentRunner$1.schedule(ParentRunner.java:63)
            at org.junit.runners.ParentRunner.runChildren(ParentRunner.java:236)
            at org.junit.runners.ParentRunner.access$000(ParentRunner.java:53)
            at org.junit.runners.ParentRunner$2.evaluate(ParentRunner.java:229)
            at org.junit.internal.runners.statements.RunBefores.evaluate(RunBefores.java:26)
            at org.junit.internal.runners.statements.RunAfters.evaluate(RunAfters.java:27)
            at org.junit.runners.ParentRunner.run(ParentRunner.java:309)
            at org.apache.maven.surefire.junit4.JUnit4Provider.execute(JUnit4Provider.java:252)
            at org.apache.maven.surefire.junit4.JUnit4Provider.executeTestSet(JUnit4Provider.java:141)
            at org.apache.maven.surefire.junit4.JUnit4Provider.invoke(JUnit4Provider.java:112)
            at sun.reflect.NativeMethodAccessorImpl.invoke0(Native Method)
            at sun.reflect.NativeMethodAccessorImpl.invoke(NativeMethodAccessorImpl.java:62)
            at sun.reflect.DelegatingMethodAccessorImpl.invoke(DelegatingMethodAccessorImpl.java:43)
            at java.lang.reflect.Method.invoke(Method.java:498)
            at org.apache.maven.surefire.util.ReflectionUtils.invokeMethodWithArray(ReflectionUtils.java:189)
            at org.apache.maven.surefire.booter.ProviderFactory$ProviderProxy.invoke(ProviderFactory.java:165)
            at org.apache.maven.surefire.booter.ProviderFactory.invokeProvider(ProviderFactory.java:85)
            at org.apache.maven.surefire.booter.ForkedBooter.runSuitesInProcess(ForkedBooter.java:115)
            at org.apache.maven.surefire.booter.ForkedBooter.main(ForkedBooter.java:75)
        </failure>
        <system-out>Starting test testWebsite
        </system-out>
        <system-err>Starting ChromeDriver 76.0.3809.68
            (420c9498db8ce8fcd190a954d51297672c1515d5-refs/branch-heads/3809@{#864}) on port 19702
            Only local connections are allowed.
            Please protect ports used by ChromeDriver and related test frameworks to prevent access by malicious code.
            [1571997858.701][WARNING]: This version of ChromeDriver has not been tested with Chrome version 77.
            [1571997858.753][WARNING]: This version of ChromeDriver has not been tested with Chrome version 77.
            окт 25, 2019 1:04:18 PM org.openqa.selenium.remote.ProtocolHandshake createSession
            INFO: Detected dialect: W3C
        </system-err>
    </testcase>
</testsuite>